Build started 11/16/2014 1:34:32 AM.
     1>Project "C:\Users\ScottN\Google Drive\SchoolWork\UTA\2014Fall\CSE 2320\Lab3\Lab31\Lab31.vcxproj" on node 2 (build target(s)).
     1>InitializeBuildStatus:
         Touching "Debug\Lab31.unsuccessfulbuild".
       ClCompile:
         C:\Program Files (x86)\Microsoft Visual Studio 10.0\VC\bin\CL.exe /c /ZI /nologo /W3 /WX- /Od /Oy- /D _MBCS /Gm /EHsc /RTC1 /MDd /GS /fp:precise /Zc:wchar_t /Zc:forScope /Fo"Debug\\" /Fd"Debug\vc100.pdb" /Gd /TC /analyze- /errorReport:prompt topdownRB.c
         topdownRB.c
     1>c:\users\scottn\google drive\schoolwork\uta\2014fall\cse 2320\lab3\lab31\topdownrb.c(28): error C2065: 'STnode' : undeclared identifier
     1>c:\users\scottn\google drive\schoolwork\uta\2014fall\cse 2320\lab3\lab31\topdownrb.c(28): error C2059: syntax error : ')'
     1>Done Building Project "C:\Users\ScottN\Google Drive\SchoolWork\UTA\2014Fall\CSE 2320\Lab3\Lab31\Lab31.vcxproj" (build target(s)) -- FAILED.

Build FAILED.

Time Elapsed 00:00:00.10
